2022-08-17 14:01:23,777 :: root :: CRITICAL :: 


New session, DEBUG=ON
2022-08-17 14:01:29,616 :: root :: CRITICAL :: 


New session, DEBUG=ON
2022-08-17 14:01:40,748 :: root :: CRITICAL :: 


New session, DEBUG=ON
2022-08-17 14:01:53,617 :: root :: CRITICAL :: 


New session, DEBUG=ON
2022-08-17 14:02:37,880 :: root :: CRITICAL :: 


New session, DEBUG=ON
2022-08-17 14:03:40,186 :: root :: CRITICAL :: 


New session, DEBUG=ON
2022-08-17 14:05:06,910 :: root :: CRITICAL :: 


New session, DEBUG=ON
2022-08-17 14:05:08,761 :: pynput.keyboard.Listener :: ERROR    :: Unhandled exception in listener callback
Traceback (most recent call last):
  File "C:\Users\Jules\AppData\Roaming\Python\Python310\site-packages\pynput\_util\__init__.py", line 228, in inner
    return f(self, *args, **kwargs)
  File "C:\Users\Jules\AppData\Roaming\Python\Python310\site-packages\pynput\keyboard\_win32.py", line 287, in _process
    self.on_press(key)
  File "C:\Users\Jules\AppData\Roaming\Python\Python310\site-packages\pynput\_util\__init__.py", line 144, in inner
    if f(*args) is False:
  File "d:\Coding\CKPT\main.py", line 48, in onkeypress
    if chr(Key) == "c":
TypeError: 'KeyCode' object cannot be interpreted as an integer
2022-08-17 14:06:17,057 :: root :: CRITICAL :: 


New session, DEBUG=ON
2022-08-17 14:06:18,550 :: pynput.keyboard.Listener :: ERROR    :: Unhandled exception in listener callback
Traceback (most recent call last):
  File "C:\Users\Jules\AppData\Roaming\Python\Python310\site-packages\pynput\_util\__init__.py", line 228, in inner
    return f(self, *args, **kwargs)
  File "C:\Users\Jules\AppData\Roaming\Python\Python310\site-packages\pynput\keyboard\_win32.py", line 287, in _process
    self.on_press(key)
  File "C:\Users\Jules\AppData\Roaming\Python\Python310\site-packages\pynput\_util\__init__.py", line 144, in inner
    if f(*args) is False:
  File "d:\Coding\CKPT\main.py", line 48, in onkeypress
    if chr(Key.char) == "c":
TypeError: 'str' object cannot be interpreted as an integer
2022-08-17 14:07:55,521 :: root :: CRITICAL :: 


New session, DEBUG=ON
2022-08-17 14:09:07,795 :: root :: CRITICAL :: 


New session, DEBUG=ON
2022-08-17 14:09:26,293 :: pynput.keyboard.Listener :: ERROR    :: Unhandled exception in listener callback
Traceback (most recent call last):
  File "C:\Users\Jules\AppData\Roaming\Python\Python310\site-packages\pynput\_util\__init__.py", line 228, in inner
    return f(self, *args, **kwargs)
  File "C:\Users\Jules\AppData\Roaming\Python\Python310\site-packages\pynput\keyboard\_win32.py", line 287, in _process
    self.on_press(key)
  File "C:\Users\Jules\AppData\Roaming\Python\Python310\site-packages\pynput\_util\__init__.py", line 144, in inner
    if f(*args) is False:
  File "d:\Coding\CKPT\main.py", line 48, in onkeypress
    if Key.char in {9 : ["E", 1.0, "PARKING_BRAKES"],
AttributeError: 'Key' object has no attribute 'char'
2022-08-17 14:09:37,654 :: root :: CRITICAL :: 


New session, DEBUG=ON
2022-08-17 14:09:42,433 :: pynput.keyboard.Listener :: ERROR    :: Unhandled exception in listener callback
Traceback (most recent call last):
  File "C:\Users\Jules\AppData\Roaming\Python\Python310\site-packages\pynput\_util\__init__.py", line 228, in inner
    return f(self, *args, **kwargs)
  File "C:\Users\Jules\AppData\Roaming\Python\Python310\site-packages\pynput\keyboard\_win32.py", line 287, in _process
    self.on_press(key)
  File "C:\Users\Jules\AppData\Roaming\Python\Python310\site-packages\pynput\_util\__init__.py", line 144, in inner
    if f(*args) is False:
  File "d:\Coding\CKPT\main.py", line 48, in onkeypress
    if Key.char in {"9" : ["E", 1.0, "PARKING_BRAKES"],
AttributeError: 'Key' object has no attribute 'char'
2022-08-17 14:11:10,101 :: root :: CRITICAL :: 


New session, DEBUG=ON
2022-08-17 14:11:20,523 :: pynput.keyboard.Listener :: ERROR    :: Unhandled exception in listener callback
Traceback (most recent call last):
  File "C:\Users\Jules\AppData\Roaming\Python\Python310\site-packages\pynput\_util\__init__.py", line 228, in inner
    return f(self, *args, **kwargs)
  File "C:\Users\Jules\AppData\Roaming\Python\Python310\site-packages\pynput\keyboard\_win32.py", line 287, in _process
    self.on_press(key)
  File "C:\Users\Jules\AppData\Roaming\Python\Python310\site-packages\pynput\_util\__init__.py", line 144, in inner
    if f(*args) is False:
  File "d:\Coding\CKPT\main.py", line 51, in onkeypress
    if Key.char in temp:
AttributeError: 'Key' object has no attribute 'char'
2022-08-17 14:12:38,272 :: root :: CRITICAL :: 


New session, DEBUG=ON
2022-08-17 14:13:44,739 :: root :: CRITICAL :: 


New session, DEBUG=ON
